\BOOKMARK [1][-]{section.1}{\376\377\000A\000b\000s\000t\000r\000a\000c\000t}{}% 1
\BOOKMARK [1][-]{section.2}{\376\377\000I\000n\000t\000r\000o\000d\000u\000c\000t\000i\000o\000n}{}% 2
\BOOKMARK [1][-]{section.3}{\376\377\000P\000r\000o\000b\000l\000e\000m\000\040\000S\000t\000a\000t\000e\000m\000e\000n\000t}{}% 3
\BOOKMARK [1][-]{section.4}{\376\377\000O\000b\000j\000e\000c\000t\000i\000v\000e\000s}{}% 4
\BOOKMARK [1][-]{section.5}{\376\377\000L\000i\000t\000e\000r\000a\000t\000u\000r\000e\000\040\000R\000e\000v\000i\000e\000w}{}% 5
\BOOKMARK [1][-]{section.6}{\376\377\000D\000a\000t\000a\000s\000e\000t\000\040\000D\000e\000s\000c\000r\000i\000p\000t\000i\000o\000n}{}% 6
\BOOKMARK [2][-]{subsection.6.1}{\376\377\000S\000o\000u\000r\000c\000e}{section.6}% 7
\BOOKMARK [2][-]{subsection.6.2}{\376\377\000D\000a\000t\000a\000s\000e\000t\000\040\000C\000h\000a\000r\000a\000c\000t\000e\000r\000i\000s\000t\000i\000c\000s}{section.6}% 8
\BOOKMARK [2][-]{subsection.6.3}{\376\377\000F\000e\000a\000t\000u\000r\000e\000\040\000R\000e\000p\000r\000e\000s\000e\000n\000t\000a\000t\000i\000o\000n}{section.6}% 9
\BOOKMARK [1][-]{section.7}{\376\377\000M\000e\000t\000h\000o\000d\000o\000l\000o\000g\000y}{}% 10
\BOOKMARK [2][-]{subsection.7.1}{\376\377\000D\000a\000t\000a\000\040\000C\000o\000l\000l\000e\000c\000t\000i\000o\000n}{section.7}% 11
\BOOKMARK [2][-]{subsection.7.2}{\376\377\000D\000a\000t\000a\000\040\000P\000r\000e\000p\000r\000o\000c\000e\000s\000s\000i\000n\000g}{section.7}% 12
\BOOKMARK [2][-]{subsection.7.3}{\376\377\000E\000x\000p\000l\000o\000r\000a\000t\000o\000r\000y\000\040\000D\000a\000t\000a\000\040\000A\000n\000a\000l\000y\000s\000i\000s}{section.7}% 13
\BOOKMARK [2][-]{subsection.7.4}{\376\377\000M\000o\000d\000e\000l\000\040\000D\000e\000v\000e\000l\000o\000p\000m\000e\000n\000t}{section.7}% 14
\BOOKMARK [3][-]{subsubsection.7.4.1}{\376\377\000D\000e\000c\000i\000s\000i\000o\000n\000\040\000T\000r\000e\000e\000\040\000C\000l\000a\000s\000s\000i\000f\000i\000e\000r}{subsection.7.4}% 15
\BOOKMARK [3][-]{subsubsection.7.4.2}{\376\377\000R\000a\000n\000d\000o\000m\000\040\000F\000o\000r\000e\000s\000t\000\040\000C\000l\000a\000s\000s\000i\000f\000i\000e\000r}{subsection.7.4}% 16
\BOOKMARK [3][-]{subsubsection.7.4.3}{\376\377\000X\000G\000B\000o\000o\000s\000t\000\040\000C\000l\000a\000s\000s\000i\000f\000i\000e\000r}{subsection.7.4}% 17
\BOOKMARK [3][-]{subsubsection.7.4.4}{\376\377\000S\000t\000a\000c\000k\000i\000n\000g\000\040\000E\000n\000s\000e\000m\000b\000l\000e\000\040\000C\000l\000a\000s\000s\000i\000f\000i\000e\000r}{subsection.7.4}% 18
\BOOKMARK [2][-]{subsection.7.5}{\376\377\000M\000o\000d\000e\000l\000\040\000E\000v\000a\000l\000u\000a\000t\000i\000o\000n}{section.7}% 19
\BOOKMARK [1][-]{section.8}{\376\377\000S\000y\000s\000t\000e\000m\000\040\000A\000r\000c\000h\000i\000t\000e\000c\000t\000u\000r\000e}{}% 20
\BOOKMARK [1][-]{section.9}{\376\377\000I\000m\000p\000l\000e\000m\000e\000n\000t\000a\000t\000i\000o\000n}{}% 21
\BOOKMARK [2][-]{subsection.9.1}{\376\377\000T\000o\000o\000l\000s\000\040\000a\000n\000d\000\040\000T\000e\000c\000h\000n\000o\000l\000o\000g\000i\000e\000s}{section.9}% 22
\BOOKMARK [2][-]{subsection.9.2}{\376\377\000I\000m\000p\000l\000e\000m\000e\000n\000t\000a\000t\000i\000o\000n\000\040\000S\000t\000e\000p\000s}{section.9}% 23
\BOOKMARK [2][-]{subsection.9.3}{\376\377\000K\000e\000y\000\040\000C\000o\000d\000e\000\040\000S\000n\000i\000p\000p\000e\000t}{section.9}% 24
\BOOKMARK [1][-]{section.10}{\376\377\000R\000e\000s\000u\000l\000t\000s}{}% 25
\BOOKMARK [2][-]{subsection.10.1}{\376\377\000M\000o\000d\000e\000l\000\040\000A\000c\000c\000u\000r\000a\000c\000y\000\040\000C\000o\000m\000p\000a\000r\000i\000s\000o\000n}{section.10}% 26
\BOOKMARK [2][-]{subsection.10.2}{\376\377\000C\000o\000n\000f\000u\000s\000i\000o\000n\000\040\000M\000a\000t\000r\000i\000c\000e\000s}{section.10}% 27
\BOOKMARK [2][-]{subsection.10.3}{\376\377\000F\000e\000a\000t\000u\000r\000e\000\040\000I\000m\000p\000o\000r\000t\000a\000n\000c\000e}{section.10}% 28
\BOOKMARK [1][-]{section.11}{\376\377\000D\000i\000s\000c\000u\000s\000s\000i\000o\000n}{}% 29
\BOOKMARK [2][-]{subsection.11.1}{\376\377\000W\000h\000a\000t\000\040\000t\000h\000e\000\040\000N\000u\000m\000b\000e\000r\000s\000\040\000A\000c\000t\000u\000a\000l\000l\000y\000\040\000M\000e\000a\000n}{section.11}% 30
\BOOKMARK [2][-]{subsection.11.2}{\376\377\000W\000h\000a\000t\000\040\000W\000o\000r\000k\000s\000\040\000W\000e\000l\000l\000\040\000a\000n\000d\000\040\000W\000h\000a\000t\000\040\000D\000o\000e\000s\000\040\000N\000o\000t}{section.11}% 31
\BOOKMARK [1][-]{section.12}{\376\377\000A\000p\000p\000l\000i\000c\000a\000t\000i\000o\000n\000s}{}% 32
\BOOKMARK [1][-]{section.13}{\376\377\000F\000u\000t\000u\000r\000e\000\040\000S\000c\000o\000p\000e}{}% 33
\BOOKMARK [1][-]{section.14}{\376\377\000C\000o\000n\000c\000l\000u\000s\000i\000o\000n}{}% 34
\BOOKMARK [1][-]{section.15}{\376\377\000R\000o\000l\000e\000s\000\040\000a\000n\000d\000\040\000C\000o\000n\000t\000r\000i\000b\000u\000t\000i\000o\000n\000s}{}% 35
\BOOKMARK [1][-]{section.16}{\376\377\000R\000e\000f\000e\000r\000e\000n\000c\000e\000s}{}% 36
\BOOKMARK [1][-]{section.17}{\376\377\000A\000p\000p\000e\000n\000d\000i\000x\000\040\040\024\000\040\000C\000o\000m\000p\000l\000e\000t\000e\000\040\000S\000o\000u\000r\000c\000e\000\040\000C\000o\000d\000e}{}% 37
\BOOKMARK [2][-]{subsection.17.1}{\376\377\000S\000a\000m\000p\000l\000e\000\040\000D\000a\000t\000a\000s\000e\000t\000\040\000R\000e\000c\000o\000r\000d\000s}{section.17}% 38
\BOOKMARK [2][-]{subsection.17.2}{\376\377\000C\000e\000l\000l\000\040\0001\000\040\040\024\000\040\000I\000m\000p\000o\000r\000t\000s}{section.17}% 39
\BOOKMARK [2][-]{subsection.17.3}{\376\377\000C\000e\000l\000l\000\040\0002\000\040\040\024\000\040\000D\000a\000t\000a\000\040\000L\000o\000a\000d\000i\000n\000g\000\040\000a\000n\000d\000\040\000F\000e\000a\000t\000u\000r\000e\000\040\000M\000a\000t\000r\000i\000x\000\040\000C\000o\000n\000s\000t\000r\000u\000c\000t\000i\000o\000n}{section.17}% 40
\BOOKMARK [2][-]{subsection.17.4}{\376\377\000C\000e\000l\000l\000\040\0003\000\040\040\024\000\040\000M\000i\000s\000s\000i\000n\000g\000\040\000V\000a\000l\000u\000e\000\040\000C\000h\000e\000c\000k}{section.17}% 41
\BOOKMARK [2][-]{subsection.17.5}{\376\377\000C\000e\000l\000l\000\040\0004\000\040\040\024\000\040\000S\000y\000m\000p\000t\000o\000m\000\040\000D\000r\000o\000p\000o\000u\000t\000\040\000a\000n\000d\000\040\000A\000g\000e\000\040\000F\000e\000a\000t\000u\000r\000e\000\040\000G\000e\000n\000e\000r\000a\000t\000i\000o\000n}{section.17}% 42
\BOOKMARK [2][-]{subsection.17.6}{\376\377\000C\000e\000l\000l\000\040\0005\000\040\040\024\000\040\000L\000a\000b\000e\000l\000\040\000E\000n\000c\000o\000d\000i\000n\000g}{section.17}% 43
\BOOKMARK [2][-]{subsection.17.7}{\376\377\000C\000e\000l\000l\000\040\0006\000\040\040\024\000\040\000T\000r\000a\000i\000n\000-\000T\000e\000s\000t\000\040\000S\000p\000l\000i\000t}{section.17}% 44
\BOOKMARK [2][-]{subsection.17.8}{\376\377\000C\000e\000l\000l\000\040\0007\000\040\040\024\000\040\000D\000i\000s\000e\000a\000s\000e\000\040\000C\000l\000a\000s\000s\000\040\000D\000i\000s\000t\000r\000i\000b\000u\000t\000i\000o\000n\000\040\000\050\000E\000D\000A\000\051}{section.17}% 45
\BOOKMARK [2][-]{subsection.17.9}{\376\377\000C\000e\000l\000l\000\040\0008\000\040\040\024\000\040\000S\000y\000m\000p\000t\000o\000m\000\040\000F\000r\000e\000q\000u\000e\000n\000c\000y\000\040\000a\000n\000d\000\040\000A\000g\000e\000\040\000D\000i\000s\000t\000r\000i\000b\000u\000t\000i\000o\000n\000\040\000\050\000E\000D\000A\000\051}{section.17}% 46
\BOOKMARK [2][-]{subsection.17.10}{\376\377\000C\000e\000l\000l\000\040\0009\000\040\040\024\000\040\000C\000o\000r\000r\000e\000l\000a\000t\000i\000o\000n\000\040\000H\000e\000a\000t\000m\000a\000p\000\040\000\050\000E\000D\000A\000\051}{section.17}% 47
\BOOKMARK [2][-]{subsection.17.11}{\376\377\000C\000e\000l\000l\000\040\0001\0000\000\040\040\024\000\040\000F\000e\000a\000t\000u\000r\000e\000\040\000E\000n\000g\000i\000n\000e\000e\000r\000i\000n\000g\000\040\000\050\000V\000a\000r\000i\000a\000n\000c\000e\000\040\000F\000i\000l\000t\000e\000r\000i\000n\000g\000\051}{section.17}% 48
\BOOKMARK [2][-]{subsection.17.12}{\376\377\000C\000e\000l\000l\000\040\0001\0001\000\040\040\024\000\040\000D\000e\000c\000i\000s\000i\000o\000n\000\040\000T\000r\000e\000e\000\040\000T\000r\000a\000i\000n\000i\000n\000g\000\040\000a\000n\000d\000\040\000E\000v\000a\000l\000u\000a\000t\000i\000o\000n}{section.17}% 49
\BOOKMARK [2][-]{subsection.17.13}{\376\377\000C\000e\000l\000l\000\040\0001\0002\000\040\040\024\000\040\000R\000a\000n\000d\000o\000m\000\040\000F\000o\000r\000e\000s\000t\000\040\000T\000r\000a\000i\000n\000i\000n\000g\000\040\000a\000n\000d\000\040\000E\000v\000a\000l\000u\000a\000t\000i\000o\000n}{section.17}% 50
\BOOKMARK [2][-]{subsection.17.14}{\376\377\000C\000e\000l\000l\000\040\0001\0003\000\040\040\024\000\040\000X\000G\000B\000o\000o\000s\000t\000\040\000a\000n\000d\000\040\000S\000t\000a\000c\000k\000i\000n\000g\000\040\000E\000n\000s\000e\000m\000b\000l\000e\000\040\000T\000r\000a\000i\000n\000i\000n\000g}{section.17}% 51
\BOOKMARK [2][-]{subsection.17.15}{\376\377\000C\000e\000l\000l\000\040\0001\0004\000\040\040\024\000\040\000C\000o\000n\000f\000u\000s\000i\000o\000n\000\040\000M\000a\000t\000r\000i\000x\000\040\000H\000e\000l\000p\000e\000r\000\040\000F\000u\000n\000c\000t\000i\000o\000n}{section.17}% 52
\BOOKMARK [2][-]{subsection.17.16}{\376\377\000C\000e\000l\000l\000\040\0001\0005\000\040\040\024\000\040\000D\000e\000c\000i\000s\000i\000o\000n\000\040\000T\000r\000e\000e\000\040\000C\000o\000n\000f\000u\000s\000i\000o\000n\000\040\000M\000a\000t\000r\000i\000x}{section.17}% 53
\BOOKMARK [2][-]{subsection.17.17}{\376\377\000C\000e\000l\000l\000\040\0001\0006\000\040\040\024\000\040\000R\000a\000n\000d\000o\000m\000\040\000F\000o\000r\000e\000s\000t\000\040\000C\000o\000n\000f\000u\000s\000i\000o\000n\000\040\000M\000a\000t\000r\000i\000x}{section.17}% 54
\BOOKMARK [2][-]{subsection.17.18}{\376\377\000C\000e\000l\000l\000\040\0001\0007\000\040\040\024\000\040\000X\000G\000B\000o\000o\000s\000t\000\040\000a\000n\000d\000\040\000S\000t\000a\000c\000k\000i\000n\000g\000\040\000E\000n\000s\000e\000m\000b\000l\000e\000\040\000C\000o\000n\000f\000u\000s\000i\000o\000n\000\040\000M\000a\000t\000r\000i\000c\000e\000s}{section.17}% 55
\BOOKMARK [2][-]{subsection.17.19}{\376\377\000C\000e\000l\000l\000\040\0001\0008\000\040\040\024\000\040\000M\000o\000d\000e\000l\000\040\000A\000c\000c\000u\000r\000a\000c\000y\000\040\000C\000o\000m\000p\000a\000r\000i\000s\000o\000n\000\040\000T\000a\000b\000l\000e}{section.17}% 56
\BOOKMARK [2][-]{subsection.17.20}{\376\377\000C\000e\000l\000l\000\040\0001\0009\000\040\040\024\000\040\000M\000o\000d\000e\000l\000\040\000A\000c\000c\000u\000r\000a\000c\000y\000\040\000B\000a\000r\000\040\000C\000h\000a\000r\000t}{section.17}% 57
\BOOKMARK [2][-]{subsection.17.21}{\376\377\000C\000e\000l\000l\000\040\0002\0000\000\040\040\024\000\040\000F\000e\000a\000t\000u\000r\000e\000\040\000I\000m\000p\000o\000r\000t\000a\000n\000c\000e\000\040\000P\000l\000o\000t}{section.17}% 58
\BOOKMARK [2][-]{subsection.17.22}{\376\377\000C\000e\000l\000l\000\040\0002\0001\000\040\040\024\000\040\000F\000i\000n\000a\000l\000\040\000R\000e\000s\000u\000l\000t\000s\000\040\000S\000u\000m\000m\000a\000r\000y}{section.17}% 59
